Report -> /Users/joelcastillo/Downloads/DISURIBeauty/DISURI Beauty/product-master/shopify-sync-report.md

Matched w/ changes: 169 | unmatched Shopify: 5 | master-only: 66
npm warn Unknown env config "devdir". This will stop working in the next major version of npm.
Loading stored store auth ...
[2K[1A[2K[G
Executing GraphQL operation ...
[2K[1A[2K[G
[1/169] ok disuri-beauty-shimmer-blast-lip-gloss-ultra-shiny-non-sticky-vegan-cruelty-free-formula-clear-diamonds-s1
npm warn Unknown env config "devdir". This will stop working in the next major version of npm.
Loading stored store auth ...
[2K[1A[2K[G
Executing GraphQL operation ...
[2K[1A[2K[G
[2/169] ok disuri-beauty-shimmer-blast-lip-gloss-ultra-shiny-non-sticky-vegan-cruelty-free-formula-pink-candy-s2
npm warn Unknown env config "devdir". This will stop working in the next major version of npm.
Loading stored store auth ...
[2K[1A[2K[G
Executing GraphQL operation ...
[2K[1A[2K[G
[3/169] ok disuri-beauty-shimmer-blast-lip-gloss-ultra-shiny-non-sticky-vegan-cruelty-free-formula-citrus-queen-s3
npm warn Unknown env config "devdir". This will stop working in the next major version of npm.
Loading stored store auth ...
[2K[1A[2K[G
Executing GraphQL operation ...
[2K[1A[2K[G
[4/169] ok disuri-beauty-shimmer-blast-lip-gloss-ultra-shiny-non-sticky-vegan-cruelty-free-formula-champagne-kiss-s4
npm warn Unknown env config "devdir". This will stop working in the next major version of npm.
Loading stored store auth ...
[2K[1A[2K[G
Executing GraphQL operation ...
[2K[1A[2K[G
[5/169] ok disuri-beauty-shimmer-blast-lip-gloss-ultra-shiny-non-sticky-vegan-cruelty-free-formula-love-of-my-life-s5
npm warn Unknown env config "devdir". This will stop working in the next major version of npm.
Loading stored store auth ...
[2K[1A[2K[G
Executing GraphQL operation ...
[2K[1A[2K[G
[6/169] ok disuri-beauty-shimmer-blast-lip-gloss-ultra-shiny-non-sticky-vegan-cruelty-free-formula-kiss-the-moon-tonight-s6
npm warn Unknown env config "devdir". This will stop working in the next major version of npm.
Loading stored store auth ...
[2K[1A[2K[G
Executing GraphQL operation ...
[2K[1A[2K[G
[7/169] ok disuri-beauty-shimmer-blast-lip-gloss-ultra-shiny-non-sticky-vegan-cruelty-free-formula-toast-to-life-s14
npm warn Unknown env config "devdir". This will stop working in the next major version of npm.
Loading stored store auth ...
[2K[1A[2K[G
Executing GraphQL operation ...
[2K[1A[2K[G
[8/169] ok disuri-beauty-shimmer-blast-lip-gloss-ultra-shiny-non-sticky-vegan-cruelty-free-formula-baby-sue-s15
npm warn Unknown env config "devdir". This will stop working in the next major version of npm.
Loading stored store auth ...
[2K[1A[2K[G
Executing GraphQL operation ...
[2K[1A[2K[G
[9/169] ok disuri-beauty-shimmer-blast-lip-gloss-ultra-shiny-non-sticky-vegan-cruelty-free-formula-queens-ambition-s16
npm warn Unknown env config "devdir". This will stop working in the next major version of npm.
Loading stored store auth ...
[2K[1A[2K[G
Executing GraphQL operation ...
[2K[1A[2K[G
[10/169] ok disuri-beauty-shimmer-blast-lip-gloss-ultra-shiny-non-sticky-vegan-cruelty-free-formula-tropical-burst-s17
npm warn Unknown env config "devdir". This will stop working in the next major version of npm.
Loading stored store auth ...
[2K[1A[2K[G
Executing GraphQL operation ...
[2K[1A[2K[G
[11/169] ok disuri-beauty-shimmer-blast-lip-gloss-ultra-shiny-non-sticky-vegan-cruelty-free-formula-boss-babe-s18
npm warn Unknown env config "devdir". This will stop working in the next major version of npm.
Loading stored store auth ...
[2K[1A[2K[G
Executing GraphQL operation ...
[2K[1A[2K[G
[12/169] ok disuri-beauty-shimmer-blast-lip-gloss-ultra-shiny-non-sticky-vegan-cruelty-free-formula-shar-s19
npm warn Unknown env config "devdir". This will stop working in the next major version of npm.
Loading stored store auth ...
[2K[1A[2K[G
Executing GraphQL operation ...
[2K[1A[2K[G
[13/169] ok disuri-beauty-shimmer-blast-lip-gloss-ultra-shiny-non-sticky-vegan-cruelty-free-formula-sexy-berry-dreams-s20
npm warn Unknown env config "devdir". This will stop working in the next major version of npm.
Loading stored store auth ...
[2K[1A[2K[G
Executing GraphQL operation ...
[2K[1A[2K[G
[14/169] ok disuri-beauty-shimmer-blast-lip-gloss-ultra-shiny-non-sticky-vegan-cruelty-free-formula-wild-desire-s21
npm warn Unknown env config "devdir". This will stop working in the next major version of npm.
Loading stored store auth ...
[2K[1A[2K[G
Executing GraphQL operation ...
[2K[1A[2K[G
[15/169] ok disuri-beauty-shimmer-blast-lip-gloss-ultra-shiny-non-sticky-vegan-cruelty-free-formula-pinky-promise-s22
npm warn Unknown env config "devdir". This will stop working in the next major version of npm.
Loading stored store auth ...
[2K[1A[2K[G
Executing GraphQL operation ...
[2K[1A[2K[G
[16/169] ok disuri-beauty-shimmer-blast-lip-gloss-ultra-shiny-non-sticky-vegan-cruelty-free-formula-napa-valley-s23
npm warn Unknown env config "devdir". This will stop working in the next major version of npm.
Loading stored store auth ...
[2K[1A[2K[G
Executing GraphQL operation ...
[2K[1A[2K[G
[17/169] ok disuri-beauty-shimmer-blast-lip-gloss-ultra-shiny-non-sticky-vegan-cruelty-free-formula-honeybun-s24
npm warn Unknown env config "devdir". This will stop working in the next major version of npm.
Loading stored store auth ...
[2K[1A[2K[G
Executing GraphQL operation ...
[2K[1A[2K[G
[18/169] ok disuri-beauty-shimmer-blast-lip-gloss-ultra-shiny-non-sticky-vegan-cruelty-free-formula-honey-goddess-s25
npm warn Unknown env config "devdir". This will stop working in the next major version of npm.
Loading stored store auth ...
[2K[1A[2K[G
Executing GraphQL operation ...
[2K[1A[2K[G
[19/169] ok disuri-beauty-shimmer-blast-lip-gloss-ultra-shiny-non-sticky-vegan-cruelty-free-formula-sugar-pie-s26
npm warn Unknown env config "devdir". This will stop working in the next major version of npm.
Loading stored store auth ...
[2K[1A[2K[G
Executing GraphQL operation ...
[2K[1A[2K[G
[20/169] ok disuri-beauty-shimmer-blast-lip-gloss-ultra-shiny-non-sticky-vegan-cruelty-free-formula-suheris-s27
npm warn Unknown env config "devdir". This will stop working in the next major version of npm.
Loading stored store auth ...
[2K[1A[2K[G
Executing GraphQL operation ...
[2K[1A[2K[G
[21/169] ok disuri-beauty-shimmer-blast-lip-gloss-ultra-shiny-non-sticky-vegan-cruelty-free-formula-cinnamon-kiss-s28
npm warn Unknown env config "devdir". This will stop working in the next major version of npm.
Loading stored store auth ...
[2K[1A[2K[G
Executing GraphQL operation ...
[2K[1A[2K[G
[22/169] ok disuri-beauty-shimmer-blast-lip-gloss-ultra-shiny-non-sticky-vegan-cruelty-free-formula-rose-all-day-s29
npm warn Unknown env config "devdir". This will stop working in the next major version of npm.
Loading stored store auth ...
[2K[1A[2K[G
Executing GraphQL operation ...
[2K[1A[2K[G
[23/169] ok disuri-beauty-shimmer-blast-lip-gloss-ultra-shiny-non-sticky-vegan-cruelty-free-formula-ice-queen-s30
npm warn Unknown env config "devdir". This will stop working in the next major version of npm.
Loading stored store auth ...
[2K[1A[2K[G
Executing GraphQL operation ...
[2K[1A[2K[G
[24/169] ok disuri-beauty-shimmer-blast-lip-gloss-ultra-shiny-non-sticky-vegan-cruelty-free-formula-unbreakable-s31
npm warn Unknown env config "devdir". This will stop working in the next major version of npm.
Loading stored store auth ...
[2K[1A[2K[G
Executing GraphQL operation ...
[2K[1A[2K[G
[25/169] ok disuri-beauty-shimmer-blast-lip-gloss-ultra-shiny-non-sticky-vegan-cruelty-free-formula-pink-gold-s44
npm warn Unknown env config "devdir". This will stop working in the next major version of npm.
Loading stored store auth ...
[2K[1A[2K[G
Executing GraphQL operation ...
[2K[1A[2K[G
[26/169] ok disuri-beauty-shimmer-blast-lip-gloss-ultra-shiny-non-sticky-vegan-cruelty-free-formula-berry-kiss-s53
npm warn Unknown env config "devdir". This will stop working in the next major version of npm.
Loading stored store auth ...
[2K[1A[2K[G
Executing GraphQL operation ...
[2K[1A[2K[G
[27/169] ok disuri-beauty-shimmer-blast-lip-gloss-ultra-shiny-non-sticky-vegan-cruelty-free-formula-never-send-nudes-s65
npm warn Unknown env config "devdir". This will stop working in the next major version of npm.
Loading stored store auth ...
[2K[1A[2K[G
Executing GraphQL operation ...
[2K[1A[2K[G
[28/169] ok disuri-beauty-shimmer-blast-lip-gloss-ultra-shiny-non-sticky-vegan-cruelty-free-formula-kiss-and-tell-s66
npm warn Unknown env config "devdir". This will stop working in the next major version of npm.
Loading stored store auth ...
[2K[1A[2K[G
Executing GraphQL operation ...
[2K[1A[2K[G
[29/169] ok disuri-beauty-shimmer-blast-lip-gloss-ultra-shiny-non-sticky-vegan-cruelty-free-formula-cold-crush-s68
npm warn Unknown env config "devdir". This will stop working in the next major version of npm.
Loading stored store auth ...
[2K[1A[2K[G
Executing GraphQL operation ...
[2K[1A[2K[G
[30/169] ok disuri-beauty-shimmer-blast-lip-gloss-ultra-shiny-non-sticky-vegan-cruelty-free-formula-moonlight-kiss-s69
npm warn Unknown env config "devdir". This will stop working in the next major version of npm.
Loading stored store auth ...
[2K[1A[2K[G
Executing GraphQL operation ...
[2K[1A[2K[G
[31/169] ok disuri-beauty-shimmer-blast-lip-gloss-ultra-shiny-non-sticky-vegan-cruelty-free-formula-green-crush-s71
npm warn Unknown env config "devdir". This will stop working in the next major version of npm.
Loading stored store auth ...
[2K[1A[2K[G
Executing GraphQL operation ...
[2K[1A[2K[G
[32/169] ok disuri-beauty-glossy-blast-lip-gloss-ultra-shiny-non-sticky-vegan-cruelty-free-formula-cocoa-crush-m7
npm warn Unknown env config "devdir". This will stop working in the next major version of npm.
Loading stored store auth ...
[2K[1A[2K[G
Executing GraphQL operation ...
[2K[1A[2K[G
[33/169] ok disuri-beauty-glossy-blast-lip-gloss-ultra-shiny-non-sticky-vegan-cruelty-free-formula-lola-m8
npm warn Unknown env config "devdir". This will stop working in the next major version of npm.
Loading stored store auth ...
[2K[1A[2K[G
Executing GraphQL operation ...
[2K[1A[2K[G
[34/169] ok disuri-beauty-glossy-blast-lip-gloss-ultra-shiny-non-sticky-vegan-cruelty-free-formula-pink-cupcake-m9
npm warn Unknown env config "devdir". This will stop working in the next major version of npm.
Loading stored store auth ...
[2K[1A[2K[G
Executing GraphQL operation ...
[2K[1A[2K[G
[35/169] ok disuri-beauty-glossy-blast-lip-gloss-ultra-shiny-non-sticky-vegan-cruelty-free-formula-watermelon-rush-m10
npm warn Unknown env config "devdir". This will stop working in the next major version of npm.
Loading stored store auth ...
[2K[1A[2K[G
Executing GraphQL operation ...
[2K[1A[2K[G
[36/169] ok disuri-beauty-glossy-blast-lip-gloss-ultra-shiny-non-sticky-vegan-cruelty-free-formula-hot-cocoa-m11
npm warn Unknown env config "devdir". This will stop working in the next major version of npm.
Loading stored store auth ...
[2K[1A[2K[G
Executing GraphQL operation ...
[2K[1A[2K[G
[37/169] ok disuri-beauty-glossy-blast-lip-gloss-ultra-shiny-non-sticky-vegan-cruelty-free-formula-pie-in-the-sky-m12
npm warn Unknown env config "devdir". This will stop working in the next major version of npm.
Loading stored store auth ...
[2K[1A[2K[G
Executing GraphQL operation ...
[2K[1A[2K[G
[38/169] ok disuri-beauty-glossy-blast-lip-gloss-ultra-shiny-non-sticky-vegan-cruelty-free-formula-glossy-pop-m13
npm warn Unknown env config "devdir". This will stop working in the next major version of npm.
Loading stored store auth ...
[2K[1A[2K[G
Executing GraphQL operation ...
[2K[1A[2K[G
[39/169] ok disuri-beauty-glossy-blast-lip-gloss-ultra-shiny-non-sticky-vegan-cruelty-free-formula-coral-rose-m32
npm warn Unknown env config "devdir". This will stop working in the next major version of npm.
Loading stored store auth ...
[2K[1A[2K[G
Executing GraphQL operation ...
[2K[1A[2K[G
[40/169] ok disuri-beauty-glossy-blast-lip-gloss-ultra-shiny-non-sticky-vegan-cruelty-free-formula-tropical-twist-m34
npm warn Unknown env config "devdir". This will stop working in the next major version of npm.
Loading stored store auth ...
[2K[1A[2K[G
Executing GraphQL operation ...
[2K[1A[2K[G
[41/169] ok disuri-beauty-glossy-blast-lip-gloss-ultra-shiny-non-sticky-vegan-cruelty-free-formula-mocha-m35
npm warn Unknown env config "devdir". This will stop working in the next major version of npm.
Loading stored store auth ...
[2K[1A[2K[G
Executing GraphQL operation ...
[2K[1A[2K[G
[42/169] ok disuri-beauty-glossy-blast-lip-gloss-ultra-shiny-non-sticky-vegan-cruelty-free-formula-schnicker-m36
npm warn Unknown env config "devdir". This will stop working in the next major version of npm.
Loading stored store auth ...
[2K[1A[2K[G
Executing GraphQL operation ...
[2K[1A[2K[G
[43/169] ok disuri-beauty-glossy-blast-lip-gloss-ultra-shiny-non-sticky-vegan-cruelty-free-formula-pink-fire-m37
npm warn Unknown env config "devdir". This will stop working in the next major version of npm.
Loading stored store auth ...
[2K[1A[2K[G
Executing GraphQL operation ...
[2K[1A[2K[G
[44/169] ok disuri-beauty-glossy-blast-lip-gloss-ultra-shiny-non-sticky-vegan-cruelty-free-formula-medellin-m38
npm warn Unknown env config "devdir". This will stop working in the next major version of npm.
Loading stored store auth ...
[2K[1A[2K[G
Executing GraphQL operation ...
[2K[1A[2K[G
[45/169] ok disuri-beauty-glossy-blast-lip-gloss-ultra-shiny-non-sticky-vegan-cruelty-free-formula-miami-splash-m39
npm warn Unknown env config "devdir". This will stop working in the next major version of npm.
Loading stored store auth ...
[2K[1A[2K[G
Executing GraphQL operation ...
[2K[1A[2K[G
[46/169] ok disuri-beauty-glossy-blast-lip-gloss-ultra-shiny-non-sticky-vegan-cruelty-free-formula-i-used-to-love-him-m33
npm warn Unknown env config "devdir". This will stop working in the next major version of npm.
Loading stored store auth ...
[2K[1A[2K[G
Executing GraphQL operation ...
[2K[1A[2K[G
[47/169] ok disuri-beauty-glossy-blast-lip-gloss-ultra-shiny-non-sticky-vegan-cruelty-free-formula-sweet-fantasy-m40
npm warn Unknown env config "devdir". This will stop working in the next major version of npm.
Loading stored store auth ...
[2K[1A[2K[G
Executing GraphQL operation ...
[2K[1A[2K[G
[48/169] ok disuri-beauty-glossy-blast-lip-gloss-ultra-shiny-non-sticky-vegan-cruelty-free-formula-ruby-rose-m41
npm warn Unknown env config "devdir". This will stop working in the next major version of npm.
Loading stored store auth ...
[2K[1A[2K[G
Executing GraphQL operation ...
[2K[1A[2K[G
[49/169] ok disuri-beauty-glossy-blast-lip-gloss-ultra-shiny-non-sticky-vegan-cruelty-free-formula-hot-romance-m42
npm warn Unknown env config "devdir". This will stop working in the next major version of npm.
Loading stored store auth ...
[2K[1A[2K[G
Executing GraphQL operation ...
[2K[1A[2K[G
[50/169] ok disuri-beauty-glossy-blast-lip-gloss-ultra-shiny-non-sticky-vegan-cruelty-free-formula-pink-notes-m43
npm warn Unknown env config "devdir". This will stop working in the next major version of npm.
Loading stored store auth ...
[2K[1A[2K[G
Executing GraphQL operation ...
[2K[1A[2K[G
[51/169] ok disuri-beauty-glossy-blast-lip-gloss-ultra-shiny-non-sticky-vegan-cruelty-free-formula-frosted-cake-m46
npm warn Unknown env config "devdir". This will stop working in the next major version of npm.
Loading stored store auth ...
[2K[1A[2K[G
Executing GraphQL operation ...
[2K[1A[2K[G
[52/169] ok disuri-beauty-glossy-blast-lip-gloss-ultra-shiny-non-sticky-vegan-cruelty-free-formula-astoria-m47
npm warn Unknown env config "devdir". This will stop working in the next major version of npm.
Loading stored store auth ...
[2K[1A[2K[G
Executing GraphQL operation ...
[2K[1A[2K[G
[53/169] ok disuri-beauty-glossy-blast-lip-gloss-ultra-shiny-non-sticky-vegan-cruelty-free-formula-cafe-con-leche-m48
npm warn Unknown env config "devdir". This will stop working in the next major version of npm.
Loading stored store auth ...
[2K[1A[2K[G
Executing GraphQL operation ...
[2K[1A[2K[G
[54/169] ok disuri-beauty-glossy-blast-lip-gloss-ultra-shiny-non-sticky-vegan-cruelty-free-formula-peanut-butter-kisses-m49
npm warn Unknown env config "devdir". This will stop working in the next major version of npm.
Loading stored store auth ...
[2K[1A[2K[G
Executing GraphQL operation ...
[2K[1A[2K[G
[55/169] ok disuri-beauty-glossy-blast-lip-gloss-ultra-shiny-non-sticky-vegan-cruelty-free-formula-nana-m50
npm warn Unknown env config "devdir". This will stop working in the next major version of npm.
Loading stored store auth ...
[2K[1A[2K[G
Executing GraphQL operation ...
[2K[1A[2K[G
[56/169] ok disuri-beauty-glossy-blast-lip-gloss-ultra-shiny-non-sticky-vegan-cruelty-free-formula-soft-spoken-m51
npm warn Unknown env config "devdir". This will stop working in the next major version of npm.
Loading stored store auth ...
[2K[1A[2K[G
Executing GraphQL operation ...
[2K[1A[2K[G
[57/169] ok disuri-beauty-glossy-blast-lip-gloss-ultra-shiny-non-sticky-vegan-cruelty-free-formula-light-sauce-m52
npm warn Unknown env config "devdir". This will stop working in the next major version of npm.
Loading stored store auth ...
[2K[1A[2K[G
Executing GraphQL operation ...
[2K[1A[2K[G
[58/169] ok disuri-beauty-glossy-blast-lip-gloss-ultra-shiny-non-sticky-vegan-cruelty-free-formula-widows-kiss-m56
npm warn Unknown env config "devdir". This will stop working in the next major version of npm.
Loading stored store auth ...
[2K[1A[2K[G
Executing GraphQL operation ...
[2K[1A[2K[G
[59/169] ok disuri-beauty-glossy-blast-lip-gloss-ultra-shiny-non-sticky-vegan-cruelty-free-formula-pink-berry-pie-m57
npm warn Unknown env config "devdir". This will stop working in the next major version of npm.
Loading stored store auth ...
[2K[1A[2K[G
Executing GraphQL operation ...
[2K[1A[2K[G
[60/169] ok disuri-beauty-glossy-blast-lip-gloss-ultra-shiny-non-sticky-vegan-cruelty-free-formula-brown-sugar-blush-m58
npm warn Unknown env config "devdir". This will stop working in the next major version of npm.
Loading stored store auth ...
[2K[1A[2K[G
Executing GraphQL operation ...
[2K[1A[2K[G
[61/169] ok disuri-beauty-glossy-blast-lip-gloss-ultra-shiny-non-sticky-vegan-cruelty-free-formula-seductive-sin-m59
npm warn Unknown env config "devdir". This will stop working in the next major version of npm.
Loading stored store auth ...
[2K[1A[2K[G
Executing GraphQL operation ...
[2K[1A[2K[G
[62/169] ok disuri-beauty-glossy-blast-lip-gloss-ultra-shiny-non-sticky-vegan-cruelty-free-formula-royal-red-m60
npm warn Unknown env config "devdir". This will stop working in the next major version of npm.
Loading stored store auth ...
[2K[1A[2K[G
Executing GraphQL operation ...
[2K[1A[2K[G
[63/169] ok disuri-beauty-glossy-blast-lip-gloss-ultra-shiny-non-sticky-vegan-cruelty-free-formula-forbidden-red-m61
npm warn Unknown env config "devdir". This will stop working in the next major version of npm.
Loading stored store auth ...
[2K[1A[2K[G
Executing GraphQL operation ...
[2K[1A[2K[G
[64/169] ok disuri-beauty-glossy-blast-lip-gloss-ultra-shiny-non-sticky-vegan-cruelty-free-formula-passion-wine-m62
npm warn Unknown env config "devdir". This will stop working in the next major version of npm.
Loading stored store auth ...
[2K[1A[2K[G
Executing GraphQL operation ...
[2K[1A[2K[G
[65/169] ok disuri-beauty-glossy-blast-lip-gloss-ultra-shiny-non-sticky-vegan-cruelty-free-formula-kiss-me-m63
npm warn Unknown env config "devdir". This will stop working in the next major version of npm.
Loading stored store auth ...
[2K[1A[2K[G
Executing GraphQL operation ...
[2K[1A[2K[G
[66/169] ok disuri-beauty-glossy-blast-lip-gloss-ultra-shiny-non-sticky-vegan-cruelty-free-formula-no-games-please-m64
npm warn Unknown env config "devdir". This will stop working in the next major version of npm.
Loading stored store auth ...
[2K[1A[2K[G
Executing GraphQL operation ...
[2K[1A[2K[G
[67/169] ok disuri-beauty-glossy-blast-lip-gloss-ultra-shiny-non-sticky-vegan-cruelty-free-formula-lust-in-the-city-m67
npm warn Unknown env config "devdir". This will stop working in the next major version of npm.
Loading stored store auth ...
[2K[1A[2K[G
Executing GraphQL operation ...
[2K[1A[2K[G
[68/169] ok disuri-beauty-glossy-blast-lip-gloss-ultra-shiny-non-sticky-vegan-cruelty-free-formula-baby-pink-m70-soft-baby-pink
npm warn Unknown env config "devdir". This will stop working in the next major version of npm.
Loading stored store auth ...
[2K[1A[2K[G
Executing GraphQL operation ...
[2K[1A[2K[G
[69/169] ok disuri-beauty-glossy-blast-lip-gloss-ultra-shiny-non-sticky-vegan-cruelty-free-formula-purple-dazzle-m72
npm warn Unknown env config "devdir". This will stop working in the next major version of npm.
Loading stored store auth ...
[2K[1A[2K[G
Executing GraphQL operation ...
[2K[1A[2K[G
[70/169] ok disuri-beauty-glossy-blast-lip-gloss-ultra-shiny-non-sticky-vegan-cruelty-free-formula-selena-m73
npm warn Unknown env config "devdir". This will stop working in the next major version of npm.
Loading stored store auth ...
[2K[1A[2K[G
Executing GraphQL operation ...
[2K[1A[2K[G
[71/169] ok disuri-beauty-liquid-lipstick-non-sticky-vegan-cruelty-free-formula-blood-orange-2
npm warn Unknown env config "devdir". This will stop working in the next major version of npm.
Loading stored store auth ...
[2K[1A[2K[G
Executing GraphQL operation ...
[2K[1A[2K[G
[72/169] ok disuri-beauty-matte-blast-liquid-lipstick-non-sticky-vegan-cruelty-free-formula-delicious-6
npm warn Unknown env config "devdir". This will stop working in the next major version of npm.
Loading stored store auth ...
[2K[1A[2K[G
Executing GraphQL operation ...
[2K[1A[2K[G
[73/169] ok disuri-beauty-liquid-lipstick-non-sticky-vegan-cruelty-free-formula-dropped-out-of-heaven-7
npm warn Unknown env config "devdir". This will stop working in the next major version of npm.
Loading stored store auth ...
[2K[1A[2K[G
Executing GraphQL operation ...
[2K[1A[2K[G
[74/169] ok disuri-beauty-liquid-lipstick-non-sticky-vegan-cruelty-free-formula-seductive-9
npm warn Unknown env config "devdir". This will stop working in the next major version of npm.
Loading stored store auth ...
[2K[1A[2K[G
Executing GraphQL operation ...
[2K[1A[2K[G
[75/169] ok disuri-beauty-liquid-lipstick-non-sticky-vegan-cruelty-free-formula-midnight-mocha-10
npm warn Unknown env config "devdir". This will stop working in the next major version of npm.
Loading stored store auth ...
[2K[1A[2K[G
Executing GraphQL operation ...
[2K[1A[2K[G
[76/169] ok disuri-beauty-liquid-lipstick-berry-temptation-11
npm warn Unknown env config "devdir". This will stop working in the next major version of npm.
Loading stored store auth ...
[2K[1A[2K[G
Executing GraphQL operation ...
[2K[1A[2K[G
[77/169] ok disuri-beauty-liquid-lipstick-non-sticky-vegan-cruelty-free-formula-blush-hour-12
npm warn Unknown env config "devdir". This will stop working in the next major version of npm.
Loading stored store auth ...
[2K[1A[2K[G
Executing GraphQL operation ...
[2K[1A[2K[G
[78/169] ok disuri-beauty-liquid-lipstick-non-sticky-vegan-cruelty-free-formula-crave-me-13
npm warn Unknown env config "devdir". This will stop working in the next major version of npm.
Loading stored store auth ...
[2K[1A[2K[G
Executing GraphQL operation ...
[2K[1A[2K[G
[79/169] ok disuri-beauty-liquid-lipstick-non-sticky-vegan-cruelty-free-formula-whats-poppin-19
npm warn Unknown env config "devdir". This will stop working in the next major version of npm.
Loading stored store auth ...
[2K[1A[2K[G
Executing GraphQL operation ...
[2K[1A[2K[G
[80/169] ok disuri-beauty-liquid-lipstick-non-sticky-vegan-cruelty-free-formula-sneaky-cute-26
npm warn Unknown env config "devdir". This will stop working in the next major version of npm.
Loading stored store auth ...
[2K[1A[2K[G
Executing GraphQL operation ...
[2K[1A[2K[G
[81/169] ok disuri-beauty-liquid-lipstick-non-sticky-vegan-cruelty-free-formula-devil-in-a-new-dress-27
npm warn Unknown env config "devdir". This will stop working in the next major version of npm.
Loading stored store auth ...
[2K[1A[2K[G
Executing GraphQL operation ...
[2K[1A[2K[G
[82/169] ok disuri-beauty-liquid-lipstick-non-sticky-vegan-cruelty-free-formula-blue-ambition-31
npm warn Unknown env config "devdir". This will stop working in the next major version of npm.
Loading stored store auth ...
[2K[1A[2K[G
Executing GraphQL operation ...
[2K[1A[2K[G
[83/169] ok disuri-beauty-liquid-lipstick-non-sticky-vegan-cruelty-free-formula-boss-status-35
npm warn Unknown env config "devdir". This will stop working in the next major version of npm.
Loading stored store auth ...
[2K[1A[2K[G
Executing GraphQL operation ...
[2K[1A[2K[G
[84/169] ok disuri-beauty-liquid-lipstick-non-sticky-vegan-cruelty-free-formula-los-angeles-37
npm warn Unknown env config "devdir". This will stop working in the next major version of npm.
Loading stored store auth ...
[2K[1A[2K[G
Executing GraphQL operation ...
[2K[1A[2K[G
[85/169] ok disuri-beauty-liquid-lipstick-non-sticky-vegan-cruelty-free-formula-don-t-make-me-regret-it-39
npm warn Unknown env config "devdir". This will stop working in the next major version of npm.
Loading stored store auth ...
[2K[1A[2K[G
Executing GraphQL operation ...
[2K[1A[2K[G
[86/169] ok disuri-beauty-liquid-lipstick-non-sticky-vegan-cruelty-free-formula-don-t-test-me-41
npm warn Unknown env config "devdir". This will stop working in the next major version of npm.
Loading stored store auth ...
[2K[1A[2K[G
Executing GraphQL operation ...
[2K[1A[2K[G
[87/169] ok disuri-beauty-liquid-lipstick-non-sticky-vegan-cruelty-free-formula-ms-popular-44
npm warn Unknown env config "devdir". This will stop working in the next major version of npm.
Loading stored store auth ...
[2K[1A[2K[G
Executing GraphQL operation ...
[2K[1A[2K[G
[88/169] ok disuri-beauty-liquid-lipstick-non-sticky-vegan-cruelty-free-formula-too-focused-45
npm warn Unknown env config "devdir". This will stop working in the next major version of npm.
Loading stored store auth ...
[2K[1A[2K[G
Executing GraphQL operation ...
[2K[1A[2K[G
[89/169] ok disuri-beauty-liquid-lipstick-non-sticky-vegan-cruelty-free-formula-celia-47
npm warn Unknown env config "devdir". This will stop working in the next major version of npm.
Loading stored store auth ...
[2K[1A[2K[G
Executing GraphQL operation ...
[2K[1A[2K[G
[90/169] ok disuri-beauty-liquid-lipstick-non-sticky-vegan-cruelty-free-formula-baddest-girl-on-the-block-48
npm warn Unknown env config "devdir". This will stop working in the next major version of npm.
Loading stored store auth ...
[2K[1A[2K[G
Executing GraphQL operation ...
[2K[1A[2K[G
[91/169] ok disuri-beauty-liquid-lipstick-non-sticky-vegan-cruelty-free-formula-royal-purple-50
npm warn Unknown env config "devdir". This will stop working in the next major version of npm.
Loading stored store auth ...
[2K[1A[2K[G
Executing GraphQL operation ...
[2K[1A[2K[G
[92/169] ok disuri-beauty-liquid-lipstick-non-sticky-vegan-cruelty-free-formula-greatest-summer-of-my-life-51
npm warn Unknown env config "devdir". This will stop working in the next major version of npm.
Loading stored store auth ...
[2K[1A[2K[G
Executing GraphQL operation ...
[2K[1A[2K[G
[93/169] ok disuri-beauty-liquid-lipstick-non-sticky-vegan-cruelty-free-formula-red-wine-53
npm warn Unknown env config "devdir". This will stop working in the next major version of npm.
Loading stored store auth ...
[2K[1A[2K[G
Executing GraphQL operation ...
[2K[1A[2K[G
[94/169] ok disuri-beauty-liquid-lipstick-non-sticky-vegan-cruelty-free-formula-miami-nights-55
npm warn Unknown env config "devdir". This will stop working in the next major version of npm.
Loading stored store auth ...
[2K[1A[2K[G
Executing GraphQL operation ...
[2K[1A[2K[G
[95/169] ok disuri-beauty-liquid-lipstick-non-sticky-vegan-cruelty-free-formula-sweet-honeybun-59
npm warn Unknown env config "devdir". This will stop working in the next major version of npm.
Loading stored store auth ...
[2K[1A[2K[G
Executing GraphQL operation ...
[2K[1A[2K[G
[96/169] ok disuri-beauty-liquid-lipstick-non-sticky-vegan-cruelty-free-formula-dont-play-with-me-64
npm warn Unknown env config "devdir". This will stop working in the next major version of npm.
Loading stored store auth ...
[2K[1A[2K[G
Executing GraphQL operation ...
[2K[1A[2K[G
[97/169] ok disuri-beauty-liquid-lipstick-non-sticky-vegan-cruelty-free-formula-peanut-butter-65
npm warn Unknown env config "devdir". This will stop working in the next major version of npm.
Loading stored store auth ...
[2K[1A[2K[G
Executing GraphQL operation ...
[2K[1A[2K[G
[98/169] ok disuri-beauty-liquid-lipstick-non-sticky-vegan-cruelty-free-formula-hazelnut-crush-66
npm warn Unknown env config "devdir". This will stop working in the next major version of npm.
Loading stored store auth ...
[2K[1A[2K[G
Executing GraphQL operation ...
[2K[1A[2K[G
[99/169] ok disuri-beauty-liquid-lipstick-non-sticky-vegan-cruelty-free-formula-chocolate-cake-68
npm warn Unknown env config "devdir". This will stop working in the next major version of npm.
Loading stored store auth ...
[2K[1A[2K[G
Executing GraphQL operation ...
[2K[1A[2K[G
[100/169] ok disuri-beauty-liquid-lipstick-non-sticky-vegan-cruelty-free-formula-aint-worried-bout-nothin-82
npm warn Unknown env config "devdir". This will stop working in the next major version of npm.
Loading stored store auth ...
[2K[1A[2K[G
Executing GraphQL operation ...
[2K[1A[2K[G
[101/169] ok disuri-beauty-liquid-lipstick-non-sticky-vegan-cruelty-free-formula-life-in-the-city-84
npm warn Unknown env config "devdir". This will stop working in the next major version of npm.
Loading stored store auth ...
[2K[1A[2K[G
Executing GraphQL operation ...
[2K[1A[2K[G
[102/169] ok disuri-beauty-liquid-lipstick-non-sticky-vegan-cruelty-free-formula-pretty-girl-86
npm warn Unknown env config "devdir". This will stop working in the next major version of npm.
Loading stored store auth ...
[2K[1A[2K[G
Executing GraphQL operation ...
[2K[1A[2K[G
[103/169] ok disuri-beauty-liquid-lipstick-non-sticky-vegan-cruelty-free-formula-brooklyn-91
npm warn Unknown env config "devdir". This will stop working in the next major version of npm.
Loading stored store auth ...
[2K[1A[2K[G
Executing GraphQL operation ...
[2K[1A[2K[G
[104/169] ok disuri-beauty-liquid-lipstick-non-sticky-vegan-cruelty-free-formula-love-affair-93
npm warn Unknown env config "devdir". This will stop working in the next major version of npm.
Loading stored store auth ...
[2K[1A[2K[G
Executing GraphQL operation ...
[2K[1A[2K[G
[105/169] ok disuri-beauty-liquid-lipstick-non-sticky-vegan-cruelty-free-formula-uptown-girl-94
npm warn Unknown env config "devdir". This will stop working in the next major version of npm.
Loading stored store auth ...
[2K[1A[2K[G
Executing GraphQL operation ...
[2K[1A[2K[G
[106/169] ok disuri-beauty-liquid-lipstick-non-sticky-vegan-cruelty-free-formula-wild-girl-96
npm warn Unknown env config "devdir". This will stop working in the next major version of npm.
Loading stored store auth ...
[2K[1A[2K[G
Executing GraphQL operation ...
[2K[1A[2K[G
[107/169] ok disuri-beauty-liquid-lipstick-non-sticky-vegan-cruelty-free-formula-at-my-worst-104
npm warn Unknown env config "devdir". This will stop working in the next major version of npm.
Loading stored store auth ...
[2K[1A[2K[G
Executing GraphQL operation ...
[2K[1A[2K[G
[108/169] ok disuri-beauty-liquid-lipstick-non-sticky-vegan-cruelty-free-formula-room-112-112
npm warn Unknown env config "devdir". This will stop working in the next major version of npm.
Loading stored store auth ...
[2K[1A[2K[G
Executing GraphQL operation ...
[2K[1A[2K[G
[109/169] ok disuri-beauty-liquid-lipstick-non-sticky-vegan-cruelty-free-formula-i-was-made-for-loving-you-99
npm warn Unknown env config "devdir". This will stop working in the next major version of npm.
Loading stored store auth ...
[2K[1A[2K[G
Executing GraphQL operation ...
[2K[1A[2K[G
[110/169] ok disuri-beauty-liquid-lipstick-non-sticky-vegan-cruelty-free-formula-there-she-goes-100
npm warn Unknown env config "devdir". This will stop working in the next major version of npm.
Loading stored store auth ...
[2K[1A[2K[G
Executing GraphQL operation ...
[2K[1A[2K[G
[111/169] ok shimmer-glam-collection
npm warn Unknown env config "devdir". This will stop working in the next major version of npm.
Loading stored store auth ...
[2K[1A[2K[G
Executing GraphQL operation ...
[2K[1A[2K[G
[112/169] ok candy-crush-collection
npm warn Unknown env config "devdir". This will stop working in the next major version of npm.
Loading stored store auth ...
[2K[1A[2K[G
Executing GraphQL operation ...
[2K[1A[2K[G
[113/169] ok disuri-beauty-2-in-1-liquid-lipstick-lip-liner-kit-pink-minaj-4
npm warn Unknown env config "devdir". This will stop working in the next major version of npm.
Loading stored store auth ...
[2K[1A[2K[G
Executing GraphQL operation ...
[2K[1A[2K[G
[114/169] ok cold-crush-shimmer-blast-3-pack
npm warn Unknown env config "devdir". This will stop working in the next major version of npm.
Loading stored store auth ...
[2K[1A[2K[G
Executing GraphQL operation ...
[2K[1A[2K[G
[115/169] ok cold-crush-shimmer-blast-5-pack
npm warn Unknown env config "devdir". This will stop working in the next major version of npm.
Loading stored store auth ...
[2K[1A[2K[G
Executing GraphQL operation ...
[2K[1A[2K[G
[116/169] ok cold-crush-shimmer-blast-10-pack
npm warn Unknown env config "devdir". This will stop working in the next major version of npm.
Loading stored store auth ...
[2K[1A[2K[G
Executing GraphQL operation ...
[2K[1A[2K[G
[117/169] ok pink-berry-diamonds-collection
npm warn Unknown env config "devdir". This will stop working in the next major version of npm.
Loading stored store auth ...
[2K[1A[2K[G
Executing GraphQL operation ...
[2K[1A[2K[G
[118/169] ok disuri-beauty-2-in-1-lipstick-lip-liner-kit-brown-sugar-14
npm warn Unknown env config "devdir". This will stop working in the next major version of npm.
Loading stored store auth ...
[2K[1A[2K[G
Executing GraphQL operation ...
[2K[1A[2K[G
[119/169] ok disuri-beauty-2-in-1-lipstick-lip-liner-kit-sweet-honey-16
npm warn Unknown env config "devdir". This will stop working in the next major version of npm.
Loading stored store auth ...
[2K[1A[2K[G
Executing GraphQL operation ...
[2K[1A[2K[G
[120/169] ok disuri-beauty-shimmer-lip-gloss-sunset-glow
npm warn Unknown env config "devdir". This will stop working in the next major version of npm.
Loading stored store auth ...
[2K[1A[2K[G
Executing GraphQL operation ...
[2K[1A[2K[G
[121/169] ok disuri-beauty-shimmer-lip-gloss-sugar-pop
npm warn Unknown env config "devdir". This will stop working in the next major version of npm.
Loading stored store auth ...
[2K[1A[2K[G
Executing GraphQL operation ...
[2K[1A[2K[G
[122/169] ok disuri-beauty-lip-mask-and-lip-scrub-set-strawberry-nourishing-strawberry-treatment
npm warn Unknown env config "devdir". This will stop working in the next major version of npm.
Loading stored store auth ...
[2K[1A[2K[G
Executing GraphQL operation ...
[2K[1A[2K[G
[123/169] ok disuri-beauty-2-in-1-lipstick-lip-liner-kit-pink-sugar-17
npm warn Unknown env config "devdir". This will stop working in the next major version of npm.
Loading stored store auth ...
[2K[1A[2K[G
Executing GraphQL operation ...
[2K[1A[2K[G
[124/169] ok disuri-beauty-2-in-1-lipstick-lip-liner-kit-uptown-purple-18
npm warn Unknown env config "devdir". This will stop working in the next major version of npm.
Loading stored store auth ...
[2K[1A[2K[G
Executing GraphQL operation ...
[2K[1A[2K[G
[125/169] ok lip-mask-scrub-set-orange-nourishing-lip-treatment
npm warn Unknown env config "devdir". This will stop working in the next major version of npm.
Loading stored store auth ...
[2K[1A[2K[G
Executing GraphQL operation ...
[2K[1A[2K[G
[126/169] ok lip-mask-scrub-set-blueberry-nourishing-treatment
npm warn Unknown env config "devdir". This will stop working in the next major version of npm.
Loading stored store auth ...
[2K[1A[2K[G
Executing GraphQL operation ...
[2K[1A[2K[G
[127/169] ok lip-mask-scrub-set-grape-nourishing-treatment
npm warn Unknown env config "devdir". This will stop working in the next major version of npm.
Loading stored store auth ...
[2K[1A[2K[G
Executing GraphQL operation ...
[2K[1A[2K[G
[128/169] ok lip-mask-scrub-set-vanilla-nourishing-treatment
npm warn Unknown env config "devdir". This will stop working in the next major version of npm.
Loading stored store auth ...
[2K[1A[2K[G
Executing GraphQL operation ...
[2K[1A[2K[G
[129/169] ok sunset-passion-color-pop-lip-liner
npm warn Unknown env config "devdir". This will stop working in the next major version of npm.
Loading stored store auth ...
[2K[1A[2K[G
Executing GraphQL operation ...
[2K[1A[2K[G
[130/169] ok nude-mood-color-pop-lip-liner
npm warn Unknown env config "devdir". This will stop working in the next major version of npm.
Loading stored store auth ...
[2K[1A[2K[G
Executing GraphQL operation ...
[2K[1A[2K[G
[131/169] ok blush-blossom-color-pop-lip-liner
npm warn Unknown env config "devdir". This will stop working in the next major version of npm.
Loading stored store auth ...
[2K[1A[2K[G
Executing GraphQL operation ...
[2K[1A[2K[G
[132/169] ok rouge-rush-berry-color-pop-lip-liner
npm warn Unknown env config "devdir". This will stop working in the next major version of npm.
Loading stored store auth ...
[2K[1A[2K[G
Executing GraphQL operation ...
[2K[1A[2K[G
[133/169] ok berry-temptation-color-pop-liner
npm warn Unknown env config "devdir". This will stop working in the next major version of npm.
Loading stored store auth ...
[2K[1A[2K[G
Executing GraphQL operation ...
[2K[1A[2K[G
[134/169] ok matte-lipstick-power-play-01
npm warn Unknown env config "devdir". This will stop working in the next major version of npm.
Loading stored store auth ...
[2K[1A[2K[G
Executing GraphQL operation ...
[2K[1A[2K[G
[135/169] ok matte-lipstick-midnight-muse-02
npm warn Unknown env config "devdir". This will stop working in the next major version of npm.
Loading stored store auth ...
[2K[1A[2K[G
Executing GraphQL operation ...
[2K[1A[2K[G
[136/169] ok matte-lipstick-sienna-spark-03
npm warn Unknown env config "devdir". This will stop working in the next major version of npm.
Loading stored store auth ...
[2K[1A[2K[G
Executing GraphQL operation ...
[2K[1A[2K[G
[137/169] ok matte-lipstick-daring-desire-04
npm warn Unknown env config "devdir". This will stop working in the next major version of npm.
Loading stored store auth ...
[2K[1A[2K[G
Executing GraphQL operation ...
[2K[1A[2K[G
[138/169] ok matte-lipstick-spicy-coral-05
npm warn Unknown env config "devdir". This will stop working in the next major version of npm.
Loading stored store auth ...
[2K[1A[2K[G
Executing GraphQL operation ...
[2K[1A[2K[G
[139/169] ok matte-lipstick-ruby-fever-06
npm warn Unknown env config "devdir". This will stop working in the next major version of npm.
Loading stored store auth ...
[2K[1A[2K[G
Executing GraphQL operation ...
[2K[1A[2K[G
[140/169] ok matte-lipstick-sunset-rush-07
npm warn Unknown env config "devdir". This will stop working in the next major version of npm.
Loading stored store auth ...
[2K[1A[2K[G
Executing GraphQL operation ...
[2K[1A[2K[G
[141/169] ok matte-lipstick-bold-garnet-08
npm warn Unknown env config "devdir". This will stop working in the next major version of npm.
Loading stored store auth ...
[2K[1A[2K[G
Executing GraphQL operation ...
[2K[1A[2K[G
[142/169] ok matte-lipstick-peachy-bliss-09
npm warn Unknown env config "devdir". This will stop working in the next major version of npm.
Loading stored store auth ...
[2K[1A[2K[G
Executing GraphQL operation ...
[2K[1A[2K[G
[143/169] ok matte-lipstick-fiery-coral-10
npm warn Unknown env config "devdir". This will stop working in the next major version of npm.
Loading stored store auth ...
[2K[1A[2K[G
Executing GraphQL operation ...
[2K[1A[2K[G
[144/169] ok matte-lipstick-crimson-luxe-11
npm warn Unknown env config "devdir". This will stop working in the next major version of npm.
Loading stored store auth ...
[2K[1A[2K[G
Executing GraphQL operation ...
[2K[1A[2K[G
[145/169] ok matte-lipstick-rose-petal-12
npm warn Unknown env config "devdir". This will stop working in the next major version of npm.
Loading stored store auth ...
[2K[1A[2K[G
Executing GraphQL operation ...
[2K[1A[2K[G
[146/169] ok matte-lipstick-lavender-lust-13
npm warn Unknown env config "devdir". This will stop working in the next major version of npm.
Loading stored store auth ...
[2K[1A[2K[G
Executing GraphQL operation ...
[2K[1A[2K[G
[147/169] ok matte-lipstick-tangerine-dream-14
npm warn Unknown env config "devdir". This will stop working in the next major version of npm.
Loading stored store auth ...
[2K[1A[2K[G
Executing GraphQL operation ...
[2K[1A[2K[G
[148/169] ok matte-lipstick-slate-chic-15
npm warn Unknown env config "devdir". This will stop working in the next major version of npm.
Loading stored store auth ...
[2K[1A[2K[G
Executing GraphQL operation ...
[2K[1A[2K[G
[149/169] ok matte-lipstick-sapphire-glow-16
npm warn Unknown env config "devdir". This will stop working in the next major version of npm.
Loading stored store auth ...
[2K[1A[2K[G
Executing GraphQL operation ...
[2K[1A[2K[G
[150/169] ok matte-lipstick-golden-hour-17
npm warn Unknown env config "devdir". This will stop working in the next major version of npm.
Loading stored store auth ...
[2K[1A[2K[G
Executing GraphQL operation ...
[2K[1A[2K[G
[151/169] ok matte-lipstick-mauve-magic-18
npm warn Unknown env config "devdir". This will stop working in the next major version of npm.
Loading stored store auth ...
[2K[1A[2K[G
Executing GraphQL operation ...
[2K[1A[2K[G
[152/169] ok matte-lipstick-ruby-noir-19
npm warn Unknown env config "devdir". This will stop working in the next major version of npm.
Loading stored store auth ...
[2K[1A[2K[G
Executing GraphQL operation ...
[2K[1A[2K[G
[153/169] ok matte-lipstick-petal-kiss-20
npm warn Unknown env config "devdir". This will stop working in the next major version of npm.
Loading stored store auth ...
[2K[1A[2K[G
Executing GraphQL operation ...
[2K[1A[2K[G
[154/169] ok matte-lipstick-aqua-bloom-21
npm warn Unknown env config "devdir". This will stop working in the next major version of npm.
Loading stored store auth ...
[2K[1A[2K[G
Executing GraphQL operation ...
[2K[1A[2K[G
[155/169] ok matte-lipstick-plum-allure-22
npm warn Unknown env config "devdir". This will stop working in the next major version of npm.
Loading stored store auth ...
[2K[1A[2K[G
Executing GraphQL operation ...
[2K[1A[2K[G
[156/169] ok matte-lipstick-mystic-slate-23
npm warn Unknown env config "devdir". This will stop working in the next major version of npm.
Loading stored store auth ...
[2K[1A[2K[G
Executing GraphQL operation ...
[2K[1A[2K[G
[157/169] ok matte-lipstick-rosewood-charm-24
npm warn Unknown env config "devdir". This will stop working in the next major version of npm.
Loading stored store auth ...
[2K[1A[2K[G
Executing GraphQL operation ...
[2K[1A[2K[G
[158/169] ok matte-lipstick-steel-grace-25
npm warn Unknown env config "devdir". This will stop working in the next major version of npm.
Loading stored store auth ...
[2K[1A[2K[G
Executing GraphQL operation ...
[2K[1A[2K[G
[159/169] ok matte-lipstick-amethyst-whisper-26
npm warn Unknown env config "devdir". This will stop working in the next major version of npm.
Loading stored store auth ...
[2K[1A[2K[G
Executing GraphQL operation ...
[2K[1A[2K[G
[160/169] ok matte-lipstick-frosted-pearl-27
npm warn Unknown env config "devdir". This will stop working in the next major version of npm.
Loading stored store auth ...
[2K[1A[2K[G
Executing GraphQL operation ...
[2K[1A[2K[G
[161/169] ok matte-lipstick-sunset-glow-28
npm warn Unknown env config "devdir". This will stop working in the next major version of npm.
Loading stored store auth ...
[2K[1A[2K[G
Executing GraphQL operation ...
[2K[1A[2K[G
[162/169] ok matte-lipstick-obsidian-charm-29
npm warn Unknown env config "devdir". This will stop working in the next major version of npm.
Loading stored store auth ...
[2K[1A[2K[G
Executing GraphQL operation ...
[2K[1A[2K[G
[163/169] ok disuri-beauty-ultimate-snail-mucin-cream
npm warn Unknown env config "devdir". This will stop working in the next major version of npm.
Loading stored store auth ...
[2K[1A[2K[G
Executing GraphQL operation ...
[2K[1A[2K[G
[164/169] ok triple-collagen-firming-essence
npm warn Unknown env config "devdir". This will stop working in the next major version of npm.
Loading stored store auth ...
[2K[1A[2K[G
Executing GraphQL operation ...
[2K[1A[2K[G
[165/169] ok triple-collagen-firming-toner
npm warn Unknown env config "devdir". This will stop working in the next major version of npm.
Loading stored store auth ...
[2K[1A[2K[G
Executing GraphQL operation ...
[2K[1A[2K[G
[166/169] ok hyaluronic-acid-intense-hydration-firming-cream
npm warn Unknown env config "devdir". This will stop working in the next major version of npm.
Loading stored store auth ...
[2K[1A[2K[G
Executing GraphQL operation ...
[2K[1A[2K[G
[167/169] ok triple-collagen-korean-face-wash
npm warn Unknown env config "devdir". This will stop working in the next major version of npm.
Loading stored store auth ...
[2K[1A[2K[G
Executing GraphQL operation ...
[2K[1A[2K[G
[168/169] ok triple-collagen-eye-cream-korean-anti-aging
npm warn Unknown env config "devdir". This will stop working in the next major version of npm.
Loading stored store auth ...
[2K[1A[2K[G
Executing GraphQL operation ...
[2K[1A[2K[G
[169/169] ok triple-collagen-firming-cream

Done: 169 ok, 0 failed.
